This file contains any messages produced by compilers while
running configure, to aid debugging if configure makes a mistake.

It was created by sphinx configure 0.9.9, which was
generated by GNU Autoconf 2.61.  Invocation command line was

  $ ./configure 

## --------- ##
## Platform. ##
## --------- ##

hostname = sip.zee-way.com
uname -m = i686
uname -r = 2.6.18-128.1.10.el5
uname -s = Linux
uname -v = #1 SMP Thu May 7 10:39:21 EDT 2009

/usr/bin/uname -p = unknown
/bin/uname -X     = unknown

/bin/arch              = i686
/usr/bin/arch -k       = unknown
/usr/convex/getsysinfo = unknown
/usr/bin/hostinfo      = unknown
/bin/machine           = unknown
/usr/bin/oslevel       = unknown
/bin/universe          = unknown

PATH: /usr/bin
PATH: /bin


## ----------- ##
## Core tests. ##
## ----------- ##

configure:1778: result: 
configure:1780: result: checking build environment
configure:1783: result: --------------------------
configure:1785: result: 
configure:1835: checking for a BSD-compatible install
configure:1891: result: /usr/bin/install -c
configure:1902: checking whether build environment is sane
configure:1945: result: yes
configure:1973: checking for a thread-safe mkdir -p
configure:2012: result: /bin/mkdir -p
configure:2025: checking for gawk
configure:2041: found /usr/bin/gawk
configure:2052: result: gawk
configure:2063: checking whether make sets $(MAKE)
configure:2084: result: yes
configure:2272: checking whether to enable maintainer-specific portions of Makefiles
configure:2281: result: no
configure:2304: result: 
configure:2306: result: checking for compiler programs
configure:2309: result: ------------------------------
configure:2311: result: 
configure:2325: checking whether to compile debug version
configure:2335: result: no
configure:2399: checking for gcc
configure:2415: found /usr/bin/gcc
configure:2426: result: gcc
configure:2664: checking for C compiler version
configure:2671: gcc --version >&5
gcc (GCC) 4.1.2 20080704 (Red Hat 4.1.2-48)
Copyright (C) 2006 Free Software Foundation, Inc.
This is free software; see the source for copying conditions.  There is NO
warranty; not even for MERCHANTABILITY or FITNESS FOR A PARTICULAR PURPOSE.

configure:2674: $? = 0
configure:2681: gcc -v >&5
Using built-in specs.
Target: i386-redhat-linux
Configured with: ../configure --prefix=/usr --mandir=/usr/share/man --infodir=/usr/share/info --enable-shared --enable-threads=posix --enable-checking=release --with-system-zlib --enable-__cxa_atexit --disable-libunwind-exceptions --enable-libgcj-multifile --enable-languages=c,c++,objc,obj-c++,java,fortran,ada --enable-java-awt=gtk --disable-dssi --enable-plugin --with-java-home=/usr/lib/jvm/java-1.4.2-gcj-1.4.2.0/jre --with-cpu=generic --host=i386-redhat-linux
Thread model: posix
gcc version 4.1.2 20080704 (Red Hat 4.1.2-48)
configure:2684: $? = 0
configure:2691: gcc -V >&5
gcc: '-V' option must have argument
configure:2694: $? = 1
configure:2717: checking for C compiler default output file name
configure:2744: gcc -Wall -g -D_FILE_OFFSET_BITS=64 -O3 -DNDEBUG  -I/usr/local/include  conftest.c  -L/usr/local/lib >&5
configure:2747: $? = 0
configure:2785: result: a.out
configure:2802: checking whether the C compiler works
configure:2812: ./a.out
configure:2815: $? = 0
configure:2832: result: yes
configure:2839: checking whether we are cross compiling
configure:2841: result: no
configure:2844: checking for suffix of executables
configure:2851: gcc -o conftest -Wall -g -D_FILE_OFFSET_BITS=64 -O3 -DNDEBUG  -I/usr/local/include  conftest.c  -L/usr/local/lib >&5
configure:2854: $? = 0
configure:2878: result: 
configure:2884: checking for suffix of object files
configure:2910: gcc -c -Wall -g -D_FILE_OFFSET_BITS=64 -O3 -DNDEBUG  -I/usr/local/include conftest.c >&5
configure:2913: $? = 0
configure:2936: result: o
configure:2940: checking whether we are using the GNU C compiler
configure:2969: gcc -c -Wall -g -D_FILE_OFFSET_BITS=64 -O3 -DNDEBUG  -I/usr/local/include conftest.c >&5
configure:2975: $? = 0
configure:2992: result: yes
configure:2997: checking whether gcc accepts -g
configure:3027: gcc -c -g  -I/usr/local/include conftest.c >&5
configure:3033: $? = 0
configure:3132: result: yes
configure:3149: checking for gcc option to accept ISO C89
configure:3223: gcc  -c -Wall -g -D_FILE_OFFSET_BITS=64 -O3 -DNDEBUG  -I/usr/local/include conftest.c >&5
configure:3229: $? = 0
configure:3252: result: none needed
configure:3281: checking for style of include used by make
configure:3309: result: GNU
configure:3334: checking dependency style of gcc
configure:3425: result: gcc3
configure:3498: checking for g++
configure:3514: found /usr/bin/g++
configure:3525: result: g++
configure:3556: checking for C++ compiler version
configure:3563: g++ --version >&5
g++ (GCC) 4.1.2 20080704 (Red Hat 4.1.2-48)
Copyright (C) 2006 Free Software Foundation, Inc.
This is free software; see the source for copying conditions.  There is NO
warranty; not even for MERCHANTABILITY or FITNESS FOR A PARTICULAR PURPOSE.

configure:3566: $? = 0
configure:3573: g++ -v >&5
Using built-in specs.
Target: i386-redhat-linux
Configured with: ../configure --prefix=/usr --mandir=/usr/share/man --infodir=/usr/share/info --enable-shared --enable-threads=posix --enable-checking=release --with-system-zlib --enable-__cxa_atexit --disable-libunwind-exceptions --enable-libgcj-multifile --enable-languages=c,c++,objc,obj-c++,java,fortran,ada --enable-java-awt=gtk --disable-dssi --enable-plugin --with-java-home=/usr/lib/jvm/java-1.4.2-gcj-1.4.2.0/jre --with-cpu=generic --host=i386-redhat-linux
Thread model: posix
gcc version 4.1.2 20080704 (Red Hat 4.1.2-48)
configure:3576: $? = 0
configure:3583: g++ -V >&5
g++: '-V' option must have argument
configure:3586: $? = 1
configure:3589: checking whether we are using the GNU C++ compiler
configure:3618: g++ -c -Wall -g -D_FILE_OFFSET_BITS=64 -O3 -DNDEBUG  -I/usr/local/include conftest.cpp >&5
configure:3624: $? = 0
configure:3641: result: yes
configure:3646: checking whether g++ accepts -g
configure:3676: g++ -c -g  -I/usr/local/include conftest.cpp >&5
configure:3682: $? = 0
configure:3781: result: yes
configure:3806: checking dependency style of g++
configure:3897: result: gcc3
configure:3955: checking for ranlib
configure:3971: found /usr/bin/ranlib
configure:3982: result: ranlib
configure:4011: result: 
configure:4013: result: checking for header files
configure:4016: result: -------------------------
configure:4018: result: 
configure:4029: checking how to run the C preprocessor
configure:4069: gcc -E  -I/usr/local/include conftest.c
configure:4075: $? = 0
configure:4106: gcc -E  -I/usr/local/include conftest.c
conftest.c:10:28: error: ac_nonexistent.h: No such file or directory
configure:4112: $? = 1
configure: failed program was:
| /* confdefs.h.  */
| #define PACKAGE_NAME "sphinx"
| #define PACKAGE_TARNAME "sphinx"
| #define PACKAGE_VERSION "0.9.9"
| #define PACKAGE_STRING "sphinx 0.9.9"
| #define PACKAGE_BUGREPORT "shodan(at)shodan.ru"
| #define PACKAGE "sphinx"
| #define VERSION "0.9.9"
| /* end confdefs.h.  */
| #include <ac_nonexistent.h>
configure:4145: result: gcc -E
configure:4174: gcc -E  -I/usr/local/include conftest.c
configure:4180: $? = 0
configure:4211: gcc -E  -I/usr/local/include conftest.c
conftest.c:10:28: error: ac_nonexistent.h: No such file or directory
configure:4217: $? = 1
configure: failed program was:
| /* confdefs.h.  */
| #define PACKAGE_NAME "sphinx"
| #define PACKAGE_TARNAME "sphinx"
| #define PACKAGE_VERSION "0.9.9"
| #define PACKAGE_STRING "sphinx 0.9.9"
| #define PACKAGE_BUGREPORT "shodan(at)shodan.ru"
| #define PACKAGE "sphinx"
| #define VERSION "0.9.9"
| /* end confdefs.h.  */
| #include <ac_nonexistent.h>
configure:4255: checking for grep that handles long lines and -e
configure:4329: result: /bin/grep
configure:4334: checking for egrep
configure:4412: result: /bin/grep -E
configure:4417: checking for ANSI C header files
configure:4447: gcc -c -Wall -g -D_FILE_OFFSET_BITS=64 -O3 -DNDEBUG  -I/usr/local/include conftest.c >&5
configure:4453: $? = 0
configure:4552: gcc -o conftest -Wall -g -D_FILE_OFFSET_BITS=64 -O3 -DNDEBUG  -I/usr/local/include  conftest.c  -L/usr/local/lib >&5
configure:4555: $? = 0
configure:4561: ./conftest
configure:4564: $? = 0
configure:4581: result: yes
configure:4591: checking for sys/wait.h that is POSIX.1 compatible
configure:4627: gcc -c -Wall -g -D_FILE_OFFSET_BITS=64 -O3 -DNDEBUG  -I/usr/local/include conftest.c >&5
configure:4633: $? = 0
configure:4648: result: yes
configure:4672: checking for sys/types.h
configure:4693: gcc -c -Wall -g -D_FILE_OFFSET_BITS=64 -O3 -DNDEBUG  -I/usr/local/include conftest.c >&5
configure:4699: $? = 0
configure:4715: result: yes
configure:4672: checking for sys/stat.h
configure:4693: gcc -c -Wall -g -D_FILE_OFFSET_BITS=64 -O3 -DNDEBUG  -I/usr/local/include conftest.c >&5
configure:4699: $? = 0
configure:4715: result: yes
configure:4672: checking for stdlib.h
configure:4693: gcc -c -Wall -g -D_FILE_OFFSET_BITS=64 -O3 -DNDEBUG  -I/usr/local/include conftest.c >&5
configure:4699: $? = 0
configure:4715: result: yes
configure:4672: checking for string.h
configure:4693: gcc -c -Wall -g -D_FILE_OFFSET_BITS=64 -O3 -DNDEBUG  -I/usr/local/include conftest.c >&5
configure:4699: $? = 0
configure:4715: result: yes
configure:4672: checking for memory.h
configure:4693: gcc -c -Wall -g -D_FILE_OFFSET_BITS=64 -O3 -DNDEBUG  -I/usr/local/include conftest.c >&5
configure:4699: $? = 0
configure:4715: result: yes
configure:4672: checking for strings.h
configure:4693: gcc -c -Wall -g -D_FILE_OFFSET_BITS=64 -O3 -DNDEBUG  -I/usr/local/include conftest.c >&5
configure:4699: $? = 0
configure:4715: result: yes
configure:4672: checking for inttypes.h
configure:4693: gcc -c -Wall -g -D_FILE_OFFSET_BITS=64 -O3 -DNDEBUG  -I/usr/local/include conftest.c >&5
configure:4699: $? = 0
configure:4715: result: yes
configure:4672: checking for stdint.h
configure:4693: gcc -c -Wall -g -D_FILE_OFFSET_BITS=64 -O3 -DNDEBUG  -I/usr/local/include conftest.c >&5
configure:4699: $? = 0
configure:4715: result: yes
configure:4672: checking for unistd.h
configure:4693: gcc -c -Wall -g -D_FILE_OFFSET_BITS=64 -O3 -DNDEBUG  -I/usr/local/include conftest.c >&5
configure:4699: $? = 0
configure:4715: result: yes
configure:4752: checking fcntl.h usability
configure:4769: gcc -c -Wall -g -D_FILE_OFFSET_BITS=64 -O3 -DNDEBUG  -I/usr/local/include conftest.c >&5
configure:4775: $? = 0
configure:4789: result: yes
configure:4793: checking fcntl.h presence
configure:4808: gcc -E  -I/usr/local/include conftest.c
configure:4814: $? = 0
configure:4828: result: yes
configure:4861: checking for fcntl.h
configure:4869: result: yes
configure:4752: checking limits.h usability
configure:4769: gcc -c -Wall -g -D_FILE_OFFSET_BITS=64 -O3 -DNDEBUG  -I/usr/local/include conftest.c >&5
configure:4775: $? = 0
configure:4789: result: yes
configure:4793: checking limits.h presence
configure:4808: gcc -E  -I/usr/local/include conftest.c
configure:4814: $? = 0
configure:4828: result: yes
configure:4861: checking for limits.h
configure:4869: result: yes
configure:4752: checking netdb.h usability
configure:4769: gcc -c -Wall -g -D_FILE_OFFSET_BITS=64 -O3 -DNDEBUG  -I/usr/local/include conftest.c >&5
configure:4775: $? = 0
configure:4789: result: yes
configure:4793: checking netdb.h presence
configure:4808: gcc -E  -I/usr/local/include conftest.c
configure:4814: $? = 0
configure:4828: result: yes
configure:4861: checking for netdb.h
configure:4869: result: yes
configure:4752: checking netinet/in.h usability
configure:4769: gcc -c -Wall -g -D_FILE_OFFSET_BITS=64 -O3 -DNDEBUG  -I/usr/local/include conftest.c >&5
configure:4775: $? = 0
configure:4789: result: yes
configure:4793: checking netinet/in.h presence
configure:4808: gcc -E  -I/usr/local/include conftest.c
configure:4814: $? = 0
configure:4828: result: yes
configure:4861: checking for netinet/in.h
configure:4869: result: yes
configure:4742: checking for stdlib.h
configure:4748: result: yes
configure:4742: checking for string.h
configure:4748: result: yes
configure:4752: checking sys/file.h usability
configure:4769: gcc -c -Wall -g -D_FILE_OFFSET_BITS=64 -O3 -DNDEBUG  -I/usr/local/include conftest.c >&5
configure:4775: $? = 0
configure:4789: result: yes
configure:4793: checking sys/file.h presence
configure:4808: gcc -E  -I/usr/local/include conftest.c
configure:4814: $? = 0
configure:4828: result: yes
configure:4861: checking for sys/file.h
configure:4869: result: yes
configure:4752: checking sys/socket.h usability
configure:4769: gcc -c -Wall -g -D_FILE_OFFSET_BITS=64 -O3 -DNDEBUG  -I/usr/local/include conftest.c >&5
configure:4775: $? = 0
configure:4789: result: yes
configure:4793: checking sys/socket.h presence
configure:4808: gcc -E  -I/usr/local/include conftest.c
configure:4814: $? = 0
configure:4828: result: yes
configure:4861: checking for sys/socket.h
configure:4869: result: yes
configure:4752: checking sys/time.h usability
configure:4769: gcc -c -Wall -g -D_FILE_OFFSET_BITS=64 -O3 -DNDEBUG  -I/usr/local/include conftest.c >&5
configure:4775: $? = 0
configure:4789: result: yes
configure:4793: checking sys/time.h presence
configure:4808: gcc -E  -I/usr/local/include conftest.c
configure:4814: $? = 0
configure:4828: result: yes
configure:4861: checking for sys/time.h
configure:4869: result: yes
configure:4742: checking for unistd.h
configure:4748: result: yes
configure:4752: checking pthread.h usability
configure:4769: gcc -c -Wall -g -D_FILE_OFFSET_BITS=64 -O3 -DNDEBUG  -I/usr/local/include conftest.c >&5
configure:4775: $? = 0
configure:4789: result: yes
configure:4793: checking pthread.h presence
configure:4808: gcc -E  -I/usr/local/include conftest.c
configure:4814: $? = 0
configure:4828: result: yes
configure:4861: checking for pthread.h
configure:4869: result: yes
configure:4892: checking expat.h usability
configure:4909: gcc -c -Wall -g -D_FILE_OFFSET_BITS=64 -O3 -DNDEBUG  -I/usr/local/include conftest.c >&5
conftest.c:65:19: error: expat.h: No such file or directory
configure:4915: $? = 1
configure: failed program was:
| /* confdefs.h.  */
| #define PACKAGE_NAME "sphinx"
| #define PACKAGE_TARNAME "sphinx"
| #define PACKAGE_VERSION "0.9.9"
| #define PACKAGE_STRING "sphinx 0.9.9"
| #define PACKAGE_BUGREPORT "shodan(at)shodan.ru"
| #define PACKAGE "sphinx"
| #define VERSION "0.9.9"
| #define STDC_HEADERS 1
| #define HAVE_SYS_WAIT_H 1
| #define HAVE_SYS_TYPES_H 1
| #define HAVE_SYS_STAT_H 1
| #define HAVE_STDLIB_H 1
| #define HAVE_STRING_H 1
| #define HAVE_MEMORY_H 1
| #define HAVE_STRINGS_H 1
| #define HAVE_INTTYPES_H 1
| #define HAVE_STDINT_H 1
| #define HAVE_UNISTD_H 1
| #define HAVE_FCNTL_H 1
| #define HAVE_LIMITS_H 1
| #define HAVE_NETDB_H 1
| #define HAVE_NETINET_IN_H 1
| #define HAVE_STDLIB_H 1
| #define HAVE_STRING_H 1
| #define HAVE_SYS_FILE_H 1
| #define HAVE_SYS_SOCKET_H 1
| #define HAVE_SYS_TIME_H 1
| #define HAVE_UNISTD_H 1
| #define HAVE_PTHREAD_H 1
| /* end confdefs.h.  */
| #include <stdio.h>
| #ifdef HAVE_SYS_TYPES_H
| # include <sys/types.h>
| #endif
| #ifdef HAVE_SYS_STAT_H
| # include <sys/stat.h>
| #endif
| #ifdef STDC_HEADERS
| # include <stdlib.h>
| # include <stddef.h>
| #else
| # ifdef HAVE_STDLIB_H
| #  include <stdlib.h>
| # endif
| #endif
| #ifdef HAVE_STRING_H
| # if !defined STDC_HEADERS && defined HAVE_MEMORY_H
| #  include <memory.h>
| # endif
| # include <string.h>
| #endif
| #ifdef HAVE_STRINGS_H
| # include <strings.h>
| #endif
| #ifdef HAVE_INTTYPES_H
| # include <inttypes.h>
| #endif
| #ifdef HAVE_STDINT_H
| # include <stdint.h>
| #endif
| #ifdef HAVE_UNISTD_H
| # include <unistd.h>
| #endif
| #include <expat.h>
configure:4929: result: no
configure:4933: checking expat.h presence
configure:4948: gcc -E  -I/usr/local/include conftest.c
conftest.c:32:19: error: expat.h: No such file or directory
configure:4954: $? = 1
configure: failed program was:
| /* confdefs.h.  */
| #define PACKAGE_NAME "sphinx"
| #define PACKAGE_TARNAME "sphinx"
| #define PACKAGE_VERSION "0.9.9"
| #define PACKAGE_STRING "sphinx 0.9.9"
| #define PACKAGE_BUGREPORT "shodan(at)shodan.ru"
| #define PACKAGE "sphinx"
| #define VERSION "0.9.9"
| #define STDC_HEADERS 1
| #define HAVE_SYS_WAIT_H 1
| #define HAVE_SYS_TYPES_H 1
| #define HAVE_SYS_STAT_H 1
| #define HAVE_STDLIB_H 1
| #define HAVE_STRING_H 1
| #define HAVE_MEMORY_H 1
| #define HAVE_STRINGS_H 1
| #define HAVE_INTTYPES_H 1
| #define HAVE_STDINT_H 1
| #define HAVE_UNISTD_H 1
| #define HAVE_FCNTL_H 1
| #define HAVE_LIMITS_H 1
| #define HAVE_NETDB_H 1
| #define HAVE_NETINET_IN_H 1
| #define HAVE_STDLIB_H 1
| #define HAVE_STRING_H 1
| #define HAVE_SYS_FILE_H 1
| #define HAVE_SYS_SOCKET_H 1
| #define HAVE_SYS_TIME_H 1
| #define HAVE_UNISTD_H 1
| #define HAVE_PTHREAD_H 1
| /* end confdefs.h.  */
| #include <expat.h>
configure:4968: result: no
configure:5001: checking for expat.h
configure:5008: result: no
configure:5029: checking iconv.h usability
configure:5046: gcc -c -Wall -g -D_FILE_OFFSET_BITS=64 -O3 -DNDEBUG  -I/usr/local/include conftest.c >&5
configure:5052: $? = 0
configure:5066: result: yes
configure:5070: checking iconv.h presence
configure:5085: gcc -E  -I/usr/local/include conftest.c
configure:5091: $? = 0
configure:5105: result: yes
configure:5138: checking for iconv.h
configure:5145: result: yes
configure:5166: checking zlib.h usability
configure:5183: gcc -c -Wall -g -D_FILE_OFFSET_BITS=64 -O3 -DNDEBUG  -I/usr/local/include conftest.c >&5
configure:5189: $? = 0
configure:5203: result: yes
configure:5207: checking zlib.h presence
configure:5222: gcc -E  -I/usr/local/include conftest.c
configure:5228: $? = 0
configure:5242: result: yes
configure:5275: checking for zlib.h
configure:5282: result: yes
configure:5303: checking sql.h usability
configure:5320: gcc -c -Wall -g -D_FILE_OFFSET_BITS=64 -O3 -DNDEBUG  -I/usr/local/include conftest.c >&5
conftest.c:65:17: error: sql.h: No such file or directory
configure:5326: $? = 1
configure: failed program was:
| /* confdefs.h.  */
| #define PACKAGE_NAME "sphinx"
| #define PACKAGE_TARNAME "sphinx"
| #define PACKAGE_VERSION "0.9.9"
| #define PACKAGE_STRING "sphinx 0.9.9"
| #define PACKAGE_BUGREPORT "shodan(at)shodan.ru"
| #define PACKAGE "sphinx"
| #define VERSION "0.9.9"
| #define STDC_HEADERS 1
| #define HAVE_SYS_WAIT_H 1
| #define HAVE_SYS_TYPES_H 1
| #define HAVE_SYS_STAT_H 1
| #define HAVE_STDLIB_H 1
| #define HAVE_STRING_H 1
| #define HAVE_MEMORY_H 1
| #define HAVE_STRINGS_H 1
| #define HAVE_INTTYPES_H 1
| #define HAVE_STDINT_H 1
| #define HAVE_UNISTD_H 1
| #define HAVE_FCNTL_H 1
| #define HAVE_LIMITS_H 1
| #define HAVE_NETDB_H 1
| #define HAVE_NETINET_IN_H 1
| #define HAVE_STDLIB_H 1
| #define HAVE_STRING_H 1
| #define HAVE_SYS_FILE_H 1
| #define HAVE_SYS_SOCKET_H 1
| #define HAVE_SYS_TIME_H 1
| #define HAVE_UNISTD_H 1
| #define HAVE_PTHREAD_H 1
| /* end confdefs.h.  */
| #include <stdio.h>
| #ifdef HAVE_SYS_TYPES_H
| # include <sys/types.h>
| #endif
| #ifdef HAVE_SYS_STAT_H
| # include <sys/stat.h>
| #endif
| #ifdef STDC_HEADERS
| # include <stdlib.h>
| # include <stddef.h>
| #else
| # ifdef HAVE_STDLIB_H
| #  include <stdlib.h>
| # endif
| #endif
| #ifdef HAVE_STRING_H
| # if !defined STDC_HEADERS && defined HAVE_MEMORY_H
| #  include <memory.h>
| # endif
| # include <string.h>
| #endif
| #ifdef HAVE_STRINGS_H
| # include <strings.h>
| #endif
| #ifdef HAVE_INTTYPES_H
| # include <inttypes.h>
| #endif
| #ifdef HAVE_STDINT_H
| # include <stdint.h>
| #endif
| #ifdef HAVE_UNISTD_H
| # include <unistd.h>
| #endif
| #include <sql.h>
configure:5340: result: no
configure:5344: checking sql.h presence
configure:5359: gcc -E  -I/usr/local/include conftest.c
conftest.c:32:17: error: sql.h: No such file or directory
configure:5365: $? = 1
configure: failed program was:
| /* confdefs.h.  */
| #define PACKAGE_NAME "sphinx"
| #define PACKAGE_TARNAME "sphinx"
| #define PACKAGE_VERSION "0.9.9"
| #define PACKAGE_STRING "sphinx 0.9.9"
| #define PACKAGE_BUGREPORT "shodan(at)shodan.ru"
| #define PACKAGE "sphinx"
| #define VERSION "0.9.9"
| #define STDC_HEADERS 1
| #define HAVE_SYS_WAIT_H 1
| #define HAVE_SYS_TYPES_H 1
| #define HAVE_SYS_STAT_H 1
| #define HAVE_STDLIB_H 1
| #define HAVE_STRING_H 1
| #define HAVE_MEMORY_H 1
| #define HAVE_STRINGS_H 1
| #define HAVE_INTTYPES_H 1
| #define HAVE_STDINT_H 1
| #define HAVE_UNISTD_H 1
| #define HAVE_FCNTL_H 1
| #define HAVE_LIMITS_H 1
| #define HAVE_NETDB_H 1
| #define HAVE_NETINET_IN_H 1
| #define HAVE_STDLIB_H 1
| #define HAVE_STRING_H 1
| #define HAVE_SYS_FILE_H 1
| #define HAVE_SYS_SOCKET_H 1
| #define HAVE_SYS_TIME_H 1
| #define HAVE_UNISTD_H 1
| #define HAVE_PTHREAD_H 1
| /* end confdefs.h.  */
| #include <sql.h>
configure:5379: result: no
configure:5412: checking for sql.h
configure:5419: result: no
configure:5433: result: 
configure:5435: result: checking for types
configure:5438: result: ------------------
configure:5440: result: 
configure:5445: checking for stdbool.h that conforms to C99
configure:5538: gcc -c -Wall -g -D_FILE_OFFSET_BITS=64 -O3 -DNDEBUG  -I/usr/local/include conftest.c >&5
configure:5544: $? = 0
configure:5559: result: yes
configure:5561: checking for _Bool
configure:5591: gcc -c -Wall -g -D_FILE_OFFSET_BITS=64 -O3 -DNDEBUG  -I/usr/local/include conftest.c >&5
configure:5597: $? = 0
configure:5612: result: yes
configure:5631: checking for an ANSI C-conforming const
configure:5706: gcc -c -Wall -g -D_FILE_OFFSET_BITS=64 -O3 -DNDEBUG  -I/usr/local/include conftest.c >&5
conftest.c: In function 'main':
conftest.c:63: warning: 't' is used uninitialized in this function
conftest.c:79: warning: 'b' is used uninitialized in this function
conftest.c:85: warning: 'cs[0]' is used uninitialized in this function
configure:5712: $? = 0
configure:5727: result: yes
configure:5737: checking for inline
configure:5763: gcc -c -Wall -g -D_FILE_OFFSET_BITS=64 -O3 -DNDEBUG  -I/usr/local/include conftest.c >&5
configure:5769: $? = 0
configure:5787: result: inline
configure:5806: checking for off_t
configure:5836: gcc -c -Wall -g -D_FILE_OFFSET_BITS=64 -O3 -DNDEBUG  -I/usr/local/include conftest.c >&5
configure:5842: $? = 0
configure:5857: result: yes
configure:5869: checking for size_t
configure:5899: gcc -c -Wall -g -D_FILE_OFFSET_BITS=64 -O3 -DNDEBUG  -I/usr/local/include conftest.c >&5
configure:5905: $? = 0
configure:5920: result: yes
configure:5932: checking whether time.h and sys/time.h may both be included
configure:5962: gcc -c -Wall -g -D_FILE_OFFSET_BITS=64 -O3 -DNDEBUG  -I/usr/local/include conftest.c >&5
configure:5968: $? = 0
configure:5983: result: yes
configure:5996: result: 
configure:5998: result: checking for library functions
configure:6001: result: ------------------------------
configure:6003: result: 
configure:6008: checking for pid_t
configure:6038: gcc -c -Wall -g -D_FILE_OFFSET_BITS=64 -O3 -DNDEBUG  -I/usr/local/include conftest.c >&5
configure:6044: $? = 0
configure:6059: result: yes
configure:6086: checking vfork.h usability
configure:6103: gcc -c -Wall -g -D_FILE_OFFSET_BITS=64 -O3 -DNDEBUG  -I/usr/local/include conftest.c >&5
conftest.c:68:19: error: vfork.h: No such file or directory
configure:6109: $? = 1
configure: failed program was:
| /* confdefs.h.  */
| #define PACKAGE_NAME "sphinx"
| #define PACKAGE_TARNAME "sphinx"
| #define PACKAGE_VERSION "0.9.9"
| #define PACKAGE_STRING "sphinx 0.9.9"
| #define PACKAGE_BUGREPORT "shodan(at)shodan.ru"
| #define PACKAGE "sphinx"
| #define VERSION "0.9.9"
| #define STDC_HEADERS 1
| #define HAVE_SYS_WAIT_H 1
| #define HAVE_SYS_TYPES_H 1
| #define HAVE_SYS_STAT_H 1
| #define HAVE_STDLIB_H 1
| #define HAVE_STRING_H 1
| #define HAVE_MEMORY_H 1
| #define HAVE_STRINGS_H 1
| #define HAVE_INTTYPES_H 1
| #define HAVE_STDINT_H 1
| #define HAVE_UNISTD_H 1
| #define HAVE_FCNTL_H 1
| #define HAVE_LIMITS_H 1
| #define HAVE_NETDB_H 1
| #define HAVE_NETINET_IN_H 1
| #define HAVE_STDLIB_H 1
| #define HAVE_STRING_H 1
| #define HAVE_SYS_FILE_H 1
| #define HAVE_SYS_SOCKET_H 1
| #define HAVE_SYS_TIME_H 1
| #define HAVE_UNISTD_H 1
| #define HAVE_PTHREAD_H 1
| #define HAVE__BOOL 1
| #define HAVE_STDBOOL_H 1
| #define TIME_WITH_SYS_TIME 1
| /* end confdefs.h.  */
| #include <stdio.h>
| #ifdef HAVE_SYS_TYPES_H
| # include <sys/types.h>
| #endif
| #ifdef HAVE_SYS_STAT_H
| # include <sys/stat.h>
| #endif
| #ifdef STDC_HEADERS
| # include <stdlib.h>
| # include <stddef.h>
| #else
| # ifdef HAVE_STDLIB_H
| #  include <stdlib.h>
| # endif
| #endif
| #ifdef HAVE_STRING_H
| # if !defined STDC_HEADERS && defined HAVE_MEMORY_H
| #  include <memory.h>
| # endif
| # include <string.h>
| #endif
| #ifdef HAVE_STRINGS_H
| # include <strings.h>
| #endif
| #ifdef HAVE_INTTYPES_H
| # include <inttypes.h>
| #endif
| #ifdef HAVE_STDINT_H
| # include <stdint.h>
| #endif
| #ifdef HAVE_UNISTD_H
| # include <unistd.h>
| #endif
| #include <vfork.h>
configure:6123: result: no
configure:6127: checking vfork.h presence
configure:6142: gcc -E  -I/usr/local/include conftest.c
conftest.c:35:19: error: vfork.h: No such file or directory
configure:6148: $? = 1
configure: failed program was:
| /* confdefs.h.  */
| #define PACKAGE_NAME "sphinx"
| #define PACKAGE_TARNAME "sphinx"
| #define PACKAGE_VERSION "0.9.9"
| #define PACKAGE_STRING "sphinx 0.9.9"
| #define PACKAGE_BUGREPORT "shodan(at)shodan.ru"
| #define PACKAGE "sphinx"
| #define VERSION "0.9.9"
| #define STDC_HEADERS 1
| #define HAVE_SYS_WAIT_H 1
| #define HAVE_SYS_TYPES_H 1
| #define HAVE_SYS_STAT_H 1
| #define HAVE_STDLIB_H 1
| #define HAVE_STRING_H 1
| #define HAVE_MEMORY_H 1
| #define HAVE_STRINGS_H 1
| #define HAVE_INTTYPES_H 1
| #define HAVE_STDINT_H 1
| #define HAVE_UNISTD_H 1
| #define HAVE_FCNTL_H 1
| #define HAVE_LIMITS_H 1
| #define HAVE_NETDB_H 1
| #define HAVE_NETINET_IN_H 1
| #define HAVE_STDLIB_H 1
| #define HAVE_STRING_H 1
| #define HAVE_SYS_FILE_H 1
| #define HAVE_SYS_SOCKET_H 1
| #define HAVE_SYS_TIME_H 1
| #define HAVE_UNISTD_H 1
| #define HAVE_PTHREAD_H 1
| #define HAVE__BOOL 1
| #define HAVE_STDBOOL_H 1
| #define TIME_WITH_SYS_TIME 1
| /* end confdefs.h.  */
| #include <vfork.h>
configure:6162: result: no
configure:6195: checking for vfork.h
configure:6203: result: no
configure:6221: checking for fork
configure:6277: gcc -o conftest -Wall -g -D_FILE_OFFSET_BITS=64 -O3 -DNDEBUG  -I/usr/local/include  conftest.c  -L/usr/local/lib >&5
conftest.c:58: warning: conflicting types for built-in function 'fork'
configure:6283: $? = 0
configure:6301: result: yes
configure:6221: checking for vfork
configure:6277: gcc -o conftest -Wall -g -D_FILE_OFFSET_BITS=64 -O3 -DNDEBUG  -I/usr/local/include  conftest.c  -L/usr/local/lib >&5
configure:6283: $? = 0
configure:6301: result: yes
configure:6312: checking for working fork
configure:6344: gcc -o conftest -Wall -g -D_FILE_OFFSET_BITS=64 -O3 -DNDEBUG  -I/usr/local/include  conftest.c  -L/usr/local/lib >&5
configure:6347: $? = 0
configure:6353: ./conftest
configure:6356: $? = 0
configure:6372: result: yes
configure:6393: checking for working vfork
configure:6531: result: yes
configure:6567: checking for stdlib.h
configure:6573: result: yes
configure:6707: checking for GNU libc compatible malloc
configure:6741: gcc -o conftest -Wall -g -D_FILE_OFFSET_BITS=64 -O3 -DNDEBUG  -I/usr/local/include  conftest.c  -L/usr/local/lib >&5
configure:6744: $? = 0
configure:6750: ./conftest
configure:6753: $? = 0
configure:6769: result: yes
configure:6802: checking for stdlib.h
configure:6808: result: yes
configure:6942: checking for GNU libc compatible realloc
configure:6976: gcc -o conftest -Wall -g -D_FILE_OFFSET_BITS=64 -O3 -DNDEBUG  -I/usr/local/include  conftest.c  -L/usr/local/lib >&5
configure:6979: $? = 0
configure:6985: ./conftest
configure:6988: $? = 0
configure:7004: result: yes
configure:7048: checking sys/select.h usability
configure:7065: gcc -c -Wall -g -D_FILE_OFFSET_BITS=64 -O3 -DNDEBUG  -I/usr/local/include conftest.c >&5
configure:7071: $? = 0
configure:7085: result: yes
configure:7089: checking sys/select.h presence
configure:7104: gcc -E  -I/usr/local/include conftest.c
configure:7110: $? = 0
configure:7124: result: yes
configure:7157: checking for sys/select.h
configure:7165: result: yes
configure:7038: checking for sys/socket.h
configure:7044: result: yes
configure:7178: checking types of arguments for select
configure:7216: gcc -c -Wall -g -D_FILE_OFFSET_BITS=64 -O3 -DNDEBUG  -I/usr/local/include conftest.c >&5
configure:7222: $? = 0
configure:7243: result: int,fd_set *,struct timeval *
configure:7266: checking return type of signal handlers
configure:7294: gcc -c -Wall -g -D_FILE_OFFSET_BITS=64 -O3 -DNDEBUG  -I/usr/local/include conftest.c >&5
conftest.c: In function 'main':
conftest.c:54: error: void value not ignored as it ought to be
configure:7300: $? = 1
configure: failed program was:
| /* confdefs.h.  */
| #define PACKAGE_NAME "sphinx"
| #define PACKAGE_TARNAME "sphinx"
| #define PACKAGE_VERSION "0.9.9"
| #define PACKAGE_STRING "sphinx 0.9.9"
| #define PACKAGE_BUGREPORT "shodan(at)shodan.ru"
| #define PACKAGE "sphinx"
| #define VERSION "0.9.9"
| #define STDC_HEADERS 1
| #define HAVE_SYS_WAIT_H 1
| #define HAVE_SYS_TYPES_H 1
| #define HAVE_SYS_STAT_H 1
| #define HAVE_STDLIB_H 1
| #define HAVE_STRING_H 1
| #define HAVE_MEMORY_H 1
| #define HAVE_STRINGS_H 1
| #define HAVE_INTTYPES_H 1
| #define HAVE_STDINT_H 1
| #define HAVE_UNISTD_H 1
| #define HAVE_FCNTL_H 1
| #define HAVE_LIMITS_H 1
| #define HAVE_NETDB_H 1
| #define HAVE_NETINET_IN_H 1
| #define HAVE_STDLIB_H 1
| #define HAVE_STRING_H 1
| #define HAVE_SYS_FILE_H 1
| #define HAVE_SYS_SOCKET_H 1
| #define HAVE_SYS_TIME_H 1
| #define HAVE_UNISTD_H 1
| #define HAVE_PTHREAD_H 1
| #define HAVE__BOOL 1
| #define HAVE_STDBOOL_H 1
| #define TIME_WITH_SYS_TIME 1
| #define HAVE_FORK 1
| #define HAVE_VFORK 1
| #define HAVE_WORKING_VFORK 1
| #define HAVE_WORKING_FORK 1
| #define HAVE_STDLIB_H 1
| #define HAVE_MALLOC 1
| #define HAVE_STDLIB_H 1
| #define HAVE_REALLOC 1
| #define HAVE_SYS_SELECT_H 1
| #define HAVE_SYS_SOCKET_H 1
| #define SELECT_TYPE_ARG1 int
| #define SELECT_TYPE_ARG234 (fd_set *)
| #define SELECT_TYPE_ARG5 (struct timeval *)
| /* end confdefs.h.  */
| #include <sys/types.h>
| #include <signal.h>
| 
| int
| main ()
| {
| return *(signal (0, 0)) (0) == 1;
|   ;
|   return 0;
| }
configure:7315: result: void
configure:7323: checking whether lstat dereferences a symlink specified with a trailing slash
configure:7359: gcc -o conftest -Wall -g -D_FILE_OFFSET_BITS=64 -O3 -DNDEBUG  -I/usr/local/include  conftest.c  -L/usr/local/lib >&5
configure:7362: $? = 0
configure:7368: ./conftest
configure:7371: $? = 0
configure:7394: result: yes
configure:7413: checking whether stat accepts an empty string
configure:7443: gcc -o conftest -Wall -g -D_FILE_OFFSET_BITS=64 -O3 -DNDEBUG  -I/usr/local/include  conftest.c  -L/usr/local/lib >&5
configure:7446: $? = 0
configure:7452: ./conftest
configure:7455: $? = 0
configure:7471: result: no
configure:7491: checking for vprintf
configure:7547: gcc -o conftest -Wall -g -D_FILE_OFFSET_BITS=64 -O3 -DNDEBUG  -I/usr/local/include  conftest.c  -L/usr/local/lib >&5
conftest.c:73: warning: conflicting types for built-in function 'vprintf'
configure:7553: $? = 0
configure:7571: result: yes
configure:7578: checking for _doprnt
configure:7634: gcc -o conftest -Wall -g -D_FILE_OFFSET_BITS=64 -O3 -DNDEBUG  -I/usr/local/include  conftest.c  -L/usr/local/lib >&5
/tmp/ccGR6Ja2.o: In function `main':
/home/pierce/sphinx-0.9.9/conftest.c:85: undefined reference to `_doprnt'
collect2: ld returned 1 exit status
configure:7640: $? = 1
configure: failed program was:
| /* confdefs.h.  */
| #define PACKAGE_NAME "sphinx"
| #define PACKAGE_TARNAME "sphinx"
| #define PACKAGE_VERSION "0.9.9"
| #define PACKAGE_STRING "sphinx 0.9.9"
| #define PACKAGE_BUGREPORT "shodan(at)shodan.ru"
| #define PACKAGE "sphinx"
| #define VERSION "0.9.9"
| #define STDC_HEADERS 1
| #define HAVE_SYS_WAIT_H 1
| #define HAVE_SYS_TYPES_H 1
| #define HAVE_SYS_STAT_H 1
| #define HAVE_STDLIB_H 1
| #define HAVE_STRING_H 1
| #define HAVE_MEMORY_H 1
| #define HAVE_STRINGS_H 1
| #define HAVE_INTTYPES_H 1
| #define HAVE_STDINT_H 1
| #define HAVE_UNISTD_H 1
| #define HAVE_FCNTL_H 1
| #define HAVE_LIMITS_H 1
| #define HAVE_NETDB_H 1
| #define HAVE_NETINET_IN_H 1
| #define HAVE_STDLIB_H 1
| #define HAVE_STRING_H 1
| #define HAVE_SYS_FILE_H 1
| #define HAVE_SYS_SOCKET_H 1
| #define HAVE_SYS_TIME_H 1
| #define HAVE_UNISTD_H 1
| #define HAVE_PTHREAD_H 1
| #define HAVE__BOOL 1
| #define HAVE_STDBOOL_H 1
| #define TIME_WITH_SYS_TIME 1
| #define HAVE_FORK 1
| #define HAVE_VFORK 1
| #define HAVE_WORKING_VFORK 1
| #define HAVE_WORKING_FORK 1
| #define HAVE_STDLIB_H 1
| #define HAVE_MALLOC 1
| #define HAVE_STDLIB_H 1
| #define HAVE_REALLOC 1
| #define HAVE_SYS_SELECT_H 1
| #define HAVE_SYS_SOCKET_H 1
| #define SELECT_TYPE_ARG1 int
| #define SELECT_TYPE_ARG234 (fd_set *)
| #define SELECT_TYPE_ARG5 (struct timeval *)
| #define RETSIGTYPE void
| #define LSTAT_FOLLOWS_SLASHED_SYMLINK 1
| #define HAVE_VPRINTF 1
| /* end confdefs.h.  */
| /* Define _doprnt to an innocuous variant, in case <limits.h> declares _doprnt.
|    For example, HP-UX 11i <limits.h> declares gettimeofday.  */
| #define _doprnt innocuous__doprnt
| 
| /* System header to define __stub macros and hopefully few prototypes,
|     which can conflict with char _doprnt (); below.
|     Prefer <limits.h> to <assert.h> if __STDC__ is defined, since
|     <limits.h> exists even on freestanding compilers.  */
| 
| #ifdef __STDC__
| # include <limits.h>
| #else
| # include <assert.h>
| #endif
| 
| #undef _doprnt
| 
| /* Override any GCC internal prototype to avoid an error.
|    Use char because int might match the return type of a GCC
|    builtin and then its argument prototype would still apply.  */
| #ifdef __cplusplus
| extern "C"
| #endif
| char _doprnt ();
| /* The GNU C library defines this for functions which it implements
|     to always fail with ENOSYS.  Some functions are actually named
|     something starting with __ and the normal name is an alias.  */
| #if defined __stub__doprnt || defined __stub____doprnt
| choke me
| #endif
| 
| int
| main ()
| {
| return _doprnt ();
|   ;
|   return 0;
| }
configure:7657: result: no
configure:7671: checking for library containing setsockopt
configure:7712: gcc -o conftest -Wall -g -D_FILE_OFFSET_BITS=64 -O3 -DNDEBUG  -I/usr/local/include  conftest.c  -L/usr/local/lib >&5
configure:7718: $? = 0
configure:7746: result: none required
configure:7754: checking for library containing gethostbyname
configure:7795: gcc -o conftest -Wall -g -D_FILE_OFFSET_BITS=64 -O3 -DNDEBUG  -I/usr/local/include  conftest.c  -L/usr/local/lib >&5
configure:7801: $? = 0
configure:7829: result: none required
configure:7837: checking for library containing XML_Parse
configure:7878: gcc -o conftest -Wall -g -D_FILE_OFFSET_BITS=64 -O3 -DNDEBUG  -I/usr/local/include  conftest.c  -L/usr/local/lib >&5
/tmp/ccErNZHl.o: In function `main':
/home/pierce/sphinx-0.9.9/conftest.c:62: undefined reference to `XML_Parse'
collect2: ld returned 1 exit status
configure:7884: $? = 1
configure: failed program was:
| /* confdefs.h.  */
| #define PACKAGE_NAME "sphinx"
| #define PACKAGE_TARNAME "sphinx"
| #define PACKAGE_VERSION "0.9.9"
| #define PACKAGE_STRING "sphinx 0.9.9"
| #define PACKAGE_BUGREPORT "shodan(at)shodan.ru"
| #define PACKAGE "sphinx"
| #define VERSION "0.9.9"
| #define STDC_HEADERS 1
| #define HAVE_SYS_WAIT_H 1
| #define HAVE_SYS_TYPES_H 1
| #define HAVE_SYS_STAT_H 1
| #define HAVE_STDLIB_H 1
| #define HAVE_STRING_H 1
| #define HAVE_MEMORY_H 1
| #define HAVE_STRINGS_H 1
| #define HAVE_INTTYPES_H 1
| #define HAVE_STDINT_H 1
| #define HAVE_UNISTD_H 1
| #define HAVE_FCNTL_H 1
| #define HAVE_LIMITS_H 1
| #define HAVE_NETDB_H 1
| #define HAVE_NETINET_IN_H 1
| #define HAVE_STDLIB_H 1
| #define HAVE_STRING_H 1
| #define HAVE_SYS_FILE_H 1
| #define HAVE_SYS_SOCKET_H 1
| #define HAVE_SYS_TIME_H 1
| #define HAVE_UNISTD_H 1
| #define HAVE_PTHREAD_H 1
| #define HAVE__BOOL 1
| #define HAVE_STDBOOL_H 1
| #define TIME_WITH_SYS_TIME 1
| #define HAVE_FORK 1
| #define HAVE_VFORK 1
| #define HAVE_WORKING_VFORK 1
| #define HAVE_WORKING_FORK 1
| #define HAVE_STDLIB_H 1
| #define HAVE_MALLOC 1
| #define HAVE_STDLIB_H 1
| #define HAVE_REALLOC 1
| #define HAVE_SYS_SELECT_H 1
| #define HAVE_SYS_SOCKET_H 1
| #define SELECT_TYPE_ARG1 int
| #define SELECT_TYPE_ARG234 (fd_set *)
| #define SELECT_TYPE_ARG5 (struct timeval *)
| #define RETSIGTYPE void
| #define LSTAT_FOLLOWS_SLASHED_SYMLINK 1
| #define HAVE_VPRINTF 1
| /* end confdefs.h.  */
| 
| /* Override any GCC internal prototype to avoid an error.
|    Use char because int might match the return type of a GCC
|    builtin and then its argument prototype would still apply.  */
| #ifdef __cplusplus
| extern "C"
| #endif
| char XML_Parse ();
| int
| main ()
| {
| return XML_Parse ();
|   ;
|   return 0;
| }
configure:7878: gcc -o conftest -Wall -g -D_FILE_OFFSET_BITS=64 -O3 -DNDEBUG  -I/usr/local/include  conftest.c -lexpat   -L/usr/local/lib >&5
/usr/bin/ld: cannot find -lexpat
collect2: ld returned 1 exit status
configure:7884: $? = 1
configure: failed program was:
| /* confdefs.h.  */
| #define PACKAGE_NAME "sphinx"
| #define PACKAGE_TARNAME "sphinx"
| #define PACKAGE_VERSION "0.9.9"
| #define PACKAGE_STRING "sphinx 0.9.9"
| #define PACKAGE_BUGREPORT "shodan(at)shodan.ru"
| #define PACKAGE "sphinx"
| #define VERSION "0.9.9"
| #define STDC_HEADERS 1
| #define HAVE_SYS_WAIT_H 1
| #define HAVE_SYS_TYPES_H 1
| #define HAVE_SYS_STAT_H 1
| #define HAVE_STDLIB_H 1
| #define HAVE_STRING_H 1
| #define HAVE_MEMORY_H 1
| #define HAVE_STRINGS_H 1
| #define HAVE_INTTYPES_H 1
| #define HAVE_STDINT_H 1
| #define HAVE_UNISTD_H 1
| #define HAVE_FCNTL_H 1
| #define HAVE_LIMITS_H 1
| #define HAVE_NETDB_H 1
| #define HAVE_NETINET_IN_H 1
| #define HAVE_STDLIB_H 1
| #define HAVE_STRING_H 1
| #define HAVE_SYS_FILE_H 1
| #define HAVE_SYS_SOCKET_H 1
| #define HAVE_SYS_TIME_H 1
| #define HAVE_UNISTD_H 1
| #define HAVE_PTHREAD_H 1
| #define HAVE__BOOL 1
| #define HAVE_STDBOOL_H 1
| #define TIME_WITH_SYS_TIME 1
| #define HAVE_FORK 1
| #define HAVE_VFORK 1
| #define HAVE_WORKING_VFORK 1
| #define HAVE_WORKING_FORK 1
| #define HAVE_STDLIB_H 1
| #define HAVE_MALLOC 1
| #define HAVE_STDLIB_H 1
| #define HAVE_REALLOC 1
| #define HAVE_SYS_SELECT_H 1
| #define HAVE_SYS_SOCKET_H 1
| #define SELECT_TYPE_ARG1 int
| #define SELECT_TYPE_ARG234 (fd_set *)
| #define SELECT_TYPE_ARG5 (struct timeval *)
| #define RETSIGTYPE void
| #define LSTAT_FOLLOWS_SLASHED_SYMLINK 1
| #define HAVE_VPRINTF 1
| /* end confdefs.h.  */
| 
| /* Override any GCC internal prototype to avoid an error.
|    Use char because int might match the return type of a GCC
|    builtin and then its argument prototype would still apply.  */
| #ifdef __cplusplus
| extern "C"
| #endif
| char XML_Parse ();
| int
| main ()
| {
| return XML_Parse ();
|   ;
|   return 0;
| }
configure:7912: result: no
configure:7922: checking for library containing iconv
configure:7963: gcc -o conftest -Wall -g -D_FILE_OFFSET_BITS=64 -O3 -DNDEBUG  -I/usr/local/include  conftest.c  -L/usr/local/lib >&5
configure:7969: $? = 0
configure:7997: result: none required
configure:8007: checking for library containing inflate
configure:8048: gcc -o conftest -Wall -g -D_FILE_OFFSET_BITS=64 -O3 -DNDEBUG  -I/usr/local/include  conftest.c  -L/usr/local/lib >&5
/tmp/ccuD6Ofy.o: In function `main':
/home/pierce/sphinx-0.9.9/conftest.c:62: undefined reference to `inflate'
collect2: ld returned 1 exit status
configure:8054: $? = 1
configure: failed program was:
| /* confdefs.h.  */
| #define PACKAGE_NAME "sphinx"
| #define PACKAGE_TARNAME "sphinx"
| #define PACKAGE_VERSION "0.9.9"
| #define PACKAGE_STRING "sphinx 0.9.9"
| #define PACKAGE_BUGREPORT "shodan(at)shodan.ru"
| #define PACKAGE "sphinx"
| #define VERSION "0.9.9"
| #define STDC_HEADERS 1
| #define HAVE_SYS_WAIT_H 1
| #define HAVE_SYS_TYPES_H 1
| #define HAVE_SYS_STAT_H 1
| #define HAVE_STDLIB_H 1
| #define HAVE_STRING_H 1
| #define HAVE_MEMORY_H 1
| #define HAVE_STRINGS_H 1
| #define HAVE_INTTYPES_H 1
| #define HAVE_STDINT_H 1
| #define HAVE_UNISTD_H 1
| #define HAVE_FCNTL_H 1
| #define HAVE_LIMITS_H 1
| #define HAVE_NETDB_H 1
| #define HAVE_NETINET_IN_H 1
| #define HAVE_STDLIB_H 1
| #define HAVE_STRING_H 1
| #define HAVE_SYS_FILE_H 1
| #define HAVE_SYS_SOCKET_H 1
| #define HAVE_SYS_TIME_H 1
| #define HAVE_UNISTD_H 1
| #define HAVE_PTHREAD_H 1
| #define HAVE__BOOL 1
| #define HAVE_STDBOOL_H 1
| #define TIME_WITH_SYS_TIME 1
| #define HAVE_FORK 1
| #define HAVE_VFORK 1
| #define HAVE_WORKING_VFORK 1
| #define HAVE_WORKING_FORK 1
| #define HAVE_STDLIB_H 1
| #define HAVE_MALLOC 1
| #define HAVE_STDLIB_H 1
| #define HAVE_REALLOC 1
| #define HAVE_SYS_SELECT_H 1
| #define HAVE_SYS_SOCKET_H 1
| #define SELECT_TYPE_ARG1 int
| #define SELECT_TYPE_ARG234 (fd_set *)
| #define SELECT_TYPE_ARG5 (struct timeval *)
| #define RETSIGTYPE void
| #define LSTAT_FOLLOWS_SLASHED_SYMLINK 1
| #define HAVE_VPRINTF 1
| /* end confdefs.h.  */
| 
| /* Override any GCC internal prototype to avoid an error.
|    Use char because int might match the return type of a GCC
|    builtin and then its argument prototype would still apply.  */
| #ifdef __cplusplus
| extern "C"
| #endif
| char inflate ();
| int
| main ()
| {
| return inflate ();
|   ;
|   return 0;
| }
configure:8048: gcc -o conftest -Wall -g -D_FILE_OFFSET_BITS=64 -O3 -DNDEBUG  -I/usr/local/include  conftest.c -lz   -L/usr/local/lib >&5
configure:8054: $? = 0
configure:8082: result: -lz
configure:8092: checking for library containing logf
configure:8133: gcc -o conftest -Wall -g -D_FILE_OFFSET_BITS=64 -O3 -DNDEBUG  -I/usr/local/include  conftest.c -lz  -L/usr/local/lib >&5
conftest.c:58: warning: conflicting types for built-in function 'logf'
/tmp/cck73GIG.o: In function `main':
/home/pierce/sphinx-0.9.9/conftest.c:62: undefined reference to `logf'
collect2: ld returned 1 exit status
configure:8139: $? = 1
configure: failed program was:
| /* confdefs.h.  */
| #define PACKAGE_NAME "sphinx"
| #define PACKAGE_TARNAME "sphinx"
| #define PACKAGE_VERSION "0.9.9"
| #define PACKAGE_STRING "sphinx 0.9.9"
| #define PACKAGE_BUGREPORT "shodan(at)shodan.ru"
| #define PACKAGE "sphinx"
| #define VERSION "0.9.9"
| #define STDC_HEADERS 1
| #define HAVE_SYS_WAIT_H 1
| #define HAVE_SYS_TYPES_H 1
| #define HAVE_SYS_STAT_H 1
| #define HAVE_STDLIB_H 1
| #define HAVE_STRING_H 1
| #define HAVE_MEMORY_H 1
| #define HAVE_STRINGS_H 1
| #define HAVE_INTTYPES_H 1
| #define HAVE_STDINT_H 1
| #define HAVE_UNISTD_H 1
| #define HAVE_FCNTL_H 1
| #define HAVE_LIMITS_H 1
| #define HAVE_NETDB_H 1
| #define HAVE_NETINET_IN_H 1
| #define HAVE_STDLIB_H 1
| #define HAVE_STRING_H 1
| #define HAVE_SYS_FILE_H 1
| #define HAVE_SYS_SOCKET_H 1
| #define HAVE_SYS_TIME_H 1
| #define HAVE_UNISTD_H 1
| #define HAVE_PTHREAD_H 1
| #define HAVE__BOOL 1
| #define HAVE_STDBOOL_H 1
| #define TIME_WITH_SYS_TIME 1
| #define HAVE_FORK 1
| #define HAVE_VFORK 1
| #define HAVE_WORKING_VFORK 1
| #define HAVE_WORKING_FORK 1
| #define HAVE_STDLIB_H 1
| #define HAVE_MALLOC 1
| #define HAVE_STDLIB_H 1
| #define HAVE_REALLOC 1
| #define HAVE_SYS_SELECT_H 1
| #define HAVE_SYS_SOCKET_H 1
| #define SELECT_TYPE_ARG1 int
| #define SELECT_TYPE_ARG234 (fd_set *)
| #define SELECT_TYPE_ARG5 (struct timeval *)
| #define RETSIGTYPE void
| #define LSTAT_FOLLOWS_SLASHED_SYMLINK 1
| #define HAVE_VPRINTF 1
| /* end confdefs.h.  */
| 
| /* Override any GCC internal prototype to avoid an error.
|    Use char because int might match the return type of a GCC
|    builtin and then its argument prototype would still apply.  */
| #ifdef __cplusplus
| extern "C"
| #endif
| char logf ();
| int
| main ()
| {
| return logf ();
|   ;
|   return 0;
| }
configure:8133: gcc -o conftest -Wall -g -D_FILE_OFFSET_BITS=64 -O3 -DNDEBUG  -I/usr/local/include  conftest.c -lm  -lz  -L/usr/local/lib >&5
conftest.c:58: warning: conflicting types for built-in function 'logf'
configure:8139: $? = 0
configure:8167: result: -lm
configure:8175: checking for library containing SQLConnect
configure:8216: gcc -o conftest -Wall -g -D_FILE_OFFSET_BITS=64 -O3 -DNDEBUG  -I/usr/local/include  conftest.c -lm -lz  -L/usr/local/lib >&5
/tmp/ccaTwopX.o: In function `main':
/home/pierce/sphinx-0.9.9/conftest.c:62: undefined reference to `SQLConnect'
collect2: ld returned 1 exit status
configure:8222: $? = 1
configure: failed program was:
| /* confdefs.h.  */
| #define PACKAGE_NAME "sphinx"
| #define PACKAGE_TARNAME "sphinx"
| #define PACKAGE_VERSION "0.9.9"
| #define PACKAGE_STRING "sphinx 0.9.9"
| #define PACKAGE_BUGREPORT "shodan(at)shodan.ru"
| #define PACKAGE "sphinx"
| #define VERSION "0.9.9"
| #define STDC_HEADERS 1
| #define HAVE_SYS_WAIT_H 1
| #define HAVE_SYS_TYPES_H 1
| #define HAVE_SYS_STAT_H 1
| #define HAVE_STDLIB_H 1
| #define HAVE_STRING_H 1
| #define HAVE_MEMORY_H 1
| #define HAVE_STRINGS_H 1
| #define HAVE_INTTYPES_H 1
| #define HAVE_STDINT_H 1
| #define HAVE_UNISTD_H 1
| #define HAVE_FCNTL_H 1
| #define HAVE_LIMITS_H 1
| #define HAVE_NETDB_H 1
| #define HAVE_NETINET_IN_H 1
| #define HAVE_STDLIB_H 1
| #define HAVE_STRING_H 1
| #define HAVE_SYS_FILE_H 1
| #define HAVE_SYS_SOCKET_H 1
| #define HAVE_SYS_TIME_H 1
| #define HAVE_UNISTD_H 1
| #define HAVE_PTHREAD_H 1
| #define HAVE__BOOL 1
| #define HAVE_STDBOOL_H 1
| #define TIME_WITH_SYS_TIME 1
| #define HAVE_FORK 1
| #define HAVE_VFORK 1
| #define HAVE_WORKING_VFORK 1
| #define HAVE_WORKING_FORK 1
| #define HAVE_STDLIB_H 1
| #define HAVE_MALLOC 1
| #define HAVE_STDLIB_H 1
| #define HAVE_REALLOC 1
| #define HAVE_SYS_SELECT_H 1
| #define HAVE_SYS_SOCKET_H 1
| #define SELECT_TYPE_ARG1 int
| #define SELECT_TYPE_ARG234 (fd_set *)
| #define SELECT_TYPE_ARG5 (struct timeval *)
| #define RETSIGTYPE void
| #define LSTAT_FOLLOWS_SLASHED_SYMLINK 1
| #define HAVE_VPRINTF 1
| /* end confdefs.h.  */
| 
| /* Override any GCC internal prototype to avoid an error.
|    Use char because int might match the return type of a GCC
|    builtin and then its argument prototype would still apply.  */
| #ifdef __cplusplus
| extern "C"
| #endif
| char SQLConnect ();
| int
| main ()
| {
| return SQLConnect ();
|   ;
|   return 0;
| }
configure:8216: gcc -o conftest -Wall -g -D_FILE_OFFSET_BITS=64 -O3 -DNDEBUG  -I/usr/local/include  conftest.c -lodbc  -lm -lz  -L/usr/local/lib >&5
configure:8222: $? = 0
configure:8250: result: -lodbc
configure:8278: checking for dup2
configure:8334: gcc -o conftest -Wall -g -D_FILE_OFFSET_BITS=64 -O3 -DNDEBUG  -I/usr/local/include  conftest.c -lodbc -lm -lz  -L/usr/local/lib >&5
configure:8340: $? = 0
configure:8358: result: yes
configure:8278: checking for gethostbyname
configure:8334: gcc -o conftest -Wall -g -D_FILE_OFFSET_BITS=64 -O3 -DNDEBUG  -I/usr/local/include  conftest.c -lodbc -lm -lz  -L/usr/local/lib >&5
configure:8340: $? = 0
configure:8358: result: yes
configure:8278: checking for gettimeofday
configure:8334: gcc -o conftest -Wall -g -D_FILE_OFFSET_BITS=64 -O3 -DNDEBUG  -I/usr/local/include  conftest.c -lodbc -lm -lz  -L/usr/local/lib >&5
configure:8340: $? = 0
configure:8358: result: yes
configure:8278: checking for memmove
configure:8334: gcc -o conftest -Wall -g -D_FILE_OFFSET_BITS=64 -O3 -DNDEBUG  -I/usr/local/include  conftest.c -lodbc -lm -lz  -L/usr/local/lib >&5
conftest.c:77: warning: conflicting types for built-in function 'memmove'
configure:8340: $? = 0
configure:8358: result: yes
configure:8278: checking for memset
configure:8334: gcc -o conftest -Wall -g -D_FILE_OFFSET_BITS=64 -O3 -DNDEBUG  -I/usr/local/include  conftest.c -lodbc -lm -lz  -L/usr/local/lib >&5
conftest.c:78: warning: conflicting types for built-in function 'memset'
configure:8340: $? = 0
configure:8358: result: yes
configure:8278: checking for select
configure:8334: gcc -o conftest -Wall -g -D_FILE_OFFSET_BITS=64 -O3 -DNDEBUG  -I/usr/local/include  conftest.c -lodbc -lm -lz  -L/usr/local/lib >&5
configure:8340: $? = 0
configure:8358: result: yes
configure:8278: checking for socket
configure:8334: gcc -o conftest -Wall -g -D_FILE_OFFSET_BITS=64 -O3 -DNDEBUG  -I/usr/local/include  conftest.c -lodbc -lm -lz  -L/usr/local/lib >&5
configure:8340: $? = 0
configure:8358: result: yes
configure:8278: checking for strcasecmp
configure:8334: gcc -o conftest -Wall -g -D_FILE_OFFSET_BITS=64 -O3 -DNDEBUG  -I/usr/local/include  conftest.c -lodbc -lm -lz  -L/usr/local/lib >&5
conftest.c:81: warning: conflicting types for built-in function 'strcasecmp'
configure:8340: $? = 0
configure:8358: result: yes
configure:8278: checking for strchr
configure:8334: gcc -o conftest -Wall -g -D_FILE_OFFSET_BITS=64 -O3 -DNDEBUG  -I/usr/local/include  conftest.c -lodbc -lm -lz  -L/usr/local/lib >&5
conftest.c:82: warning: conflicting types for built-in function 'strchr'
configure:8340: $? = 0
configure:8358: result: yes
configure:8278: checking for strerror
configure:8334: gcc -o conftest -Wall -g -D_FILE_OFFSET_BITS=64 -O3 -DNDEBUG  -I/usr/local/include  conftest.c -lodbc -lm -lz  -L/usr/local/lib >&5
configure:8340: $? = 0
configure:8358: result: yes
configure:8278: checking for strncasecmp
configure:8334: gcc -o conftest -Wall -g -D_FILE_OFFSET_BITS=64 -O3 -DNDEBUG  -I/usr/local/include  conftest.c -lodbc -lm -lz  -L/usr/local/lib >&5
conftest.c:84: warning: conflicting types for built-in function 'strncasecmp'
configure:8340: $? = 0
configure:8358: result: yes
configure:8278: checking for strstr
configure:8334: gcc -o conftest -Wall -g -D_FILE_OFFSET_BITS=64 -O3 -DNDEBUG  -I/usr/local/include  conftest.c -lodbc -lm -lz  -L/usr/local/lib >&5
conftest.c:85: warning: conflicting types for built-in function 'strstr'
configure:8340: $? = 0
configure:8358: result: yes
configure:8278: checking for strtol
configure:8334: gcc -o conftest -Wall -g -D_FILE_OFFSET_BITS=64 -O3 -DNDEBUG  -I/usr/local/include  conftest.c -lodbc -lm -lz  -L/usr/local/lib >&5
configure:8340: $? = 0
configure:8358: result: yes
configure:8278: checking for logf
configure:8334: gcc -o conftest -Wall -g -D_FILE_OFFSET_BITS=64 -O3 -DNDEBUG  -I/usr/local/include  conftest.c -lodbc -lm -lz  -L/usr/local/lib >&5
conftest.c:87: warning: conflicting types for built-in function 'logf'
configure:8340: $? = 0
configure:8358: result: yes
configure:8278: checking for pread
configure:8334: gcc -o conftest -Wall -g -D_FILE_OFFSET_BITS=64 -O3 -DNDEBUG  -I/usr/local/include  conftest.c -lodbc -lm -lz  -L/usr/local/lib >&5
configure:8340: $? = 0
configure:8358: result: yes
configure:8374: checking for clock_gettime in -lrt
configure:8409: gcc -o conftest -Wall -g -D_FILE_OFFSET_BITS=64 -O3 -DNDEBUG  -I/usr/local/include  conftest.c -lrt   >&5
configure:8415: $? = 0
configure:8433: result: yes
configure:8454: checking for clock_gettime
configure:8510: gcc -o conftest -Wall -g -D_FILE_OFFSET_BITS=64 -O3 -DNDEBUG  -I/usr/local/include  conftest.c -lodbc -lm -lz  -L/usr/local/lib -lrt  >&5
configure:8516: $? = 0
configure:8534: result: yes
configure:8546: checking for LOCK_EX in sys/file.h
configure:8575: result: yes
configure:8586: checking for F_SETLKW in fcntl.h
configure:8615: result: yes
configure:8628: result: 
configure:8630: result: configuring Sphinx
configure:8633: result: ------------------
configure:8635: result: 
configure:8645: checking for CFLAGS needed for pthreads
configure:8692: gcc -o conftest -Wall -g -D_FILE_OFFSET_BITS=64 -O3 -DNDEBUG  -I/usr/local/include  conftest.c -lodbc -lm -lz  -L/usr/local/lib -lrt  >&5
conftest.c: In function 'main':
conftest.c:83: warning: unused variable 'once_init'
configure:8695: $? = 0
configure:8701: ./conftest
configure:8704: $? = 0
configure:8731: result: none
configure:8742: checking for LIBS needed for pthreads
configure:8788: gcc -o conftest -Wall -g -D_FILE_OFFSET_BITS=64 -O3 -DNDEBUG  -I/usr/local/include  conftest.c -lodbc -lm -lz  -L/usr/local/lib -lrt  -lpthread >&5
conftest.c: In function 'main':
conftest.c:83: warning: unused variable 'once_init'
configure:8791: $? = 0
configure:8797: ./conftest
configure:8800: $? = 0
configure:8827: result: -lpthread
configure:8836: checking for pthreads
configure:8839: result: found
configure:8858: checking whether to compile with MySQL support
configure:8861: result: yes
configure:8906: checking for mysql_config
configure:8917: result: mysql_config
configure:9008: checking for mysql_real_connect
configure:9064: gcc -o conftest -Wall -g -D_FILE_OFFSET_BITS=64 -O3 -DNDEBUG -I/usr/include/mysql  -g -pipe -Wp,-D_FORTIFY_SOURCE=2 -fexceptions -fstack-protector --param=ssp-buffer-size=4 -m32 -fasynchronous-unwind-tables -D_GNU_SOURCE -D_FILE_OFFSET_BITS=64 -D_LARGEFILE_SOURCE -fno-strict-aliasing -fwrapv  -I/usr/local/include  conftest.c -lodbc -lm -lz  -L/usr/local/lib -lrt  -lpthread -rdynamic -L/usr/lib/mysql -lmysqlclient -lz -lcrypt -lnsl -lm -L/usr/lib -lssl -lcrypto >&5
configure:9070: $? = 0
configure:9087: result: yes
configure:9205: checking MySQL include files
configure:9249: result: -I/usr/include/mysql  -g -pipe -Wp,-D_FORTIFY_SOURCE=2 -fexceptions -fstack-protector --param=ssp-buffer-size=4 -m32 -fasynchronous-unwind-tables -D_GNU_SOURCE -D_FILE_OFFSET_BITS=64 -D_LARGEFILE_SOURCE -fno-strict-aliasing -fwrapv
configure:9254: checking MySQL libraries
configure:9298: result: -rdynamic -L/usr/lib/mysql -lmysqlclient -lz -lcrypt -lnsl -lm -L/usr/lib -lssl -lcrypto
configure:9335: checking whether to compile with PostgreSQL support
configure:9485: result: no
configure:9506: checking whether to use 64-bit document/word IDs
configure:9528: result: no
configure:9543: checking whether to compile with libstemmer support
configure:9570: result: no
configure:9589: checking for libexpat
configure:9601: result: not found
configure:9603: WARNING: xmlpipe2 will NOT be available
configure:9617: checking for libiconv
configure:9722: result: not required
configure:9746: checking for UnixODBC
configure:9758: result: not found
configure:9760: WARNING: ODBC source support will NOT be available
configure:9769: checking for unaligned RAM access
configure:9825: g++ -o conftest -Wall -g -D_FILE_OFFSET_BITS=64 -O3 -DNDEBUG  -I/usr/local/include -I/usr/include/mysql  -g -pipe -Wp,-D_FORTIFY_SOURCE=2 -fexceptions -fstack-protector --param=ssp-buffer-size=4 -m32 -fasynchronous-unwind-tables -D_GNU_SOURCE -D_FILE_OFFSET_BITS=64 -D_LARGEFILE_SOURCE -fno-strict-aliasing -fwrapv   conftest.cpp -lodbc -lm -lz  -L/usr/local/lib -lrt  -lpthread >&5
conftest.cpp: In function 'int main()':
conftest.cpp:81: warning: comparison between signed and unsigned integer expressions
configure:9828: $? = 0
configure:9834: ./conftest
configure:9837: $? = 0
configure:9839: result: yes
configure:9866: result: 
configure:9868: result: generating configuration files
configure:9871: result: ------------------------------
configure:9873: result: 
configure:10038: creating ./config.status

## ---------------------- ##
## Running config.status. ##
## ---------------------- ##

This file was extended by sphinx config.status 0.9.9, which was
generated by GNU Autoconf 2.61.  Invocation command line was

  CONFIG_FILES    = 
  CONFIG_HEADERS  = 
  CONFIG_LINKS    = 
  CONFIG_COMMANDS = 
  $ ./config.status 

on sip.zee-way.com

config.status:665: creating Makefile
config.status:665: creating src/Makefile
config.status:665: creating libstemmer_c/Makefile
config.status:665: creating sphinx.conf.dist
config.status:665: creating sphinx-min.conf.dist
config.status:665: creating config/config.h
config.status:1001: executing depfiles commands
configure:11318: result: 
configure:11320: result: configuration done
configure:11323: result: ------------------
configure:11325: result: 

## ---------------- ##
## Cache variables. ##
## ---------------- ##

ac_cv_c_compiler_gnu=yes
ac_cv_c_const=yes
ac_cv_c_inline=inline
ac_cv_cxx_compiler_gnu=yes
ac_cv_define_F_SETLKW=yes
ac_cv_define_LOCK_EX=yes
ac_cv_env_CCC_set=
ac_cv_env_CCC_value=
ac_cv_env_CC_set=
ac_cv_env_CC_value=
ac_cv_env_CFLAGS_set=
ac_cv_env_CFLAGS_value=
ac_cv_env_CPPFLAGS_set=
ac_cv_env_CPPFLAGS_value=
ac_cv_env_CPP_set=
ac_cv_env_CPP_value=
ac_cv_env_CXXFLAGS_set=
ac_cv_env_CXXFLAGS_value=
ac_cv_env_CXX_set=
ac_cv_env_CXX_value=
ac_cv_env_LDFLAGS_set=
ac_cv_env_LDFLAGS_value=
ac_cv_env_LIBS_set=
ac_cv_env_LIBS_value=
ac_cv_env_build_alias_set=
ac_cv_env_build_alias_value=
ac_cv_env_host_alias_set=
ac_cv_env_host_alias_value=
ac_cv_env_target_alias_set=
ac_cv_env_target_alias_value=
ac_cv_func__doprnt=no
ac_cv_func_clock_gettime=yes
ac_cv_func_dup2=yes
ac_cv_func_fork=yes
ac_cv_func_fork_works=yes
ac_cv_func_gethostbyname=yes
ac_cv_func_gettimeofday=yes
ac_cv_func_logf=yes
ac_cv_func_lstat_dereferences_slashed_symlink=yes
ac_cv_func_malloc_0_nonnull=yes
ac_cv_func_memmove=yes
ac_cv_func_memset=yes
ac_cv_func_mysql_real_connect=yes
ac_cv_func_pread=yes
ac_cv_func_realloc_0_nonnull=yes
ac_cv_func_select=yes
ac_cv_func_select_args='int,fd_set *,struct timeval *'
ac_cv_func_socket=yes
ac_cv_func_stat_empty_string_bug=no
ac_cv_func_strcasecmp=yes
ac_cv_func_strchr=yes
ac_cv_func_strerror=yes
ac_cv_func_strncasecmp=yes
ac_cv_func_strstr=yes
ac_cv_func_strtol=yes
ac_cv_func_vfork=yes
ac_cv_func_vfork_works=yes
ac_cv_func_vprintf=yes
ac_cv_header_expat_h=no
ac_cv_header_fcntl_h=yes
ac_cv_header_iconv_h=yes
ac_cv_header_inttypes_h=yes
ac_cv_header_limits_h=yes
ac_cv_header_memory_h=yes
ac_cv_header_netdb_h=yes
ac_cv_header_netinet_in_h=yes
ac_cv_header_pthread_h=yes
ac_cv_header_sql_h=no
ac_cv_header_stdbool_h=yes
ac_cv_header_stdc=yes
ac_cv_header_stdint_h=yes
ac_cv_header_stdlib_h=yes
ac_cv_header_string_h=yes
ac_cv_header_strings_h=yes
ac_cv_header_sys_file_h=yes
ac_cv_header_sys_select_h=yes
ac_cv_header_sys_socket_h=yes
ac_cv_header_sys_stat_h=yes
ac_cv_header_sys_time_h=yes
ac_cv_header_sys_types_h=yes
ac_cv_header_sys_wait_h=yes
ac_cv_header_time=yes
ac_cv_header_unistd_h=yes
ac_cv_header_vfork_h=no
ac_cv_header_zlib_h=yes
ac_cv_lib_rt_clock_gettime=yes
ac_cv_objext=o
ac_cv_path_EGREP='/bin/grep -E'
ac_cv_path_GREP=/bin/grep
ac_cv_path_install='/usr/bin/install -c'
ac_cv_path_mkdir=/bin/mkdir
ac_cv_prog_AWK=gawk
ac_cv_prog_CPP='gcc -E'
ac_cv_prog_ac_ct_CC=gcc
ac_cv_prog_ac_ct_CXX=g++
ac_cv_prog_ac_ct_RANLIB=ranlib
ac_cv_prog_cc_c89=
ac_cv_prog_cc_g=yes
ac_cv_prog_cxx_g=yes
ac_cv_prog_make_make_set=yes
ac_cv_search_SQLConnect=-lodbc
ac_cv_search_XML_Parse=no
ac_cv_search_gethostbyname='none required'
ac_cv_search_iconv='none required'
ac_cv_search_inflate=-lz
ac_cv_search_logf=-lm
ac_cv_search_setsockopt='none required'
ac_cv_type__Bool=yes
ac_cv_type_off_t=yes
ac_cv_type_pid_t=yes
ac_cv_type_signal=void
ac_cv_type_size_t=yes
ac_cv_use_debug=no
ac_cv_use_iconv=yes
ac_cv_use_libstemmer=no
ac_cv_use_mysql=yes
ac_cv_use_pgsql=no
ac_cv_use_unixodbc=yes
am_cv_CC_dependencies_compiler_type=gcc3
am_cv_CXX_dependencies_compiler_type=gcc3

## ----------------- ##
## Output variables. ##
## ----------------- ##

ACLOCAL='${SHELL} /home/pierce/sphinx-0.9.9/config/missing --run aclocal-1.10'
AMDEPBACKSLASH='\'
AMDEP_FALSE='#'
AMDEP_TRUE=''
AMTAR='${SHELL} /home/pierce/sphinx-0.9.9/config/missing --run tar'
AUTOCONF='${SHELL} /home/pierce/sphinx-0.9.9/config/missing --run autoconf'
AUTOHEADER='${SHELL} /home/pierce/sphinx-0.9.9/config/missing --run autoheader'
AUTOMAKE='${SHELL} /home/pierce/sphinx-0.9.9/config/missing --run automake-1.10'
AWK='gawk'
CC='gcc'
CCDEPMODE='depmode=gcc3'
CFLAGS='-Wall -g -D_FILE_OFFSET_BITS=64 -O3 -DNDEBUG'
CONFDIR='/var'
CPP='gcc -E'
CPPFLAGS=' -I/usr/local/include -I/usr/include/mysql  -g -pipe -Wp,-D_FORTIFY_SOURCE=2 -fexceptions -fstack-protector --param=ssp-buffer-size=4 -m32 -fasynchronous-unwind-tables -D_GNU_SOURCE -D_FILE_OFFSET_BITS=64 -D_LARGEFILE_SOURCE -fno-strict-aliasing -fwrapv '
CXX='g++'
CXXDEPMODE='depmode=gcc3'
CXXFLAGS='-Wall -g -D_FILE_OFFSET_BITS=64 -O3 -DNDEBUG'
CYGPATH_W='echo'
DEFS='-DHAVE_CONFIG_H'
DEPDIR='.deps'
ECHO_C=''
ECHO_N='-n'
ECHO_T=''
EGREP='/bin/grep -E'
EXEEXT=''
GREP='/bin/grep'
INSTALL_DATA='${INSTALL} -m 644'
INSTALL_PROGRAM='${INSTALL}'
INSTALL_SCRIPT='${INSTALL}'
INSTALL_STRIP_PROGRAM='$(install_sh) -c -s'
LDFLAGS=''
LIBOBJS=''
LIBRT='-lrt '
LIBS='-lodbc -lm -lz  -L/usr/local/lib -lrt  -lpthread'
LTLIBOBJS=''
MAINT='#'
MAINTAINER_MODE_FALSE=''
MAINTAINER_MODE_TRUE='#'
MAKEINFO='${SHELL} /home/pierce/sphinx-0.9.9/config/missing --run makeinfo'
MYSQL_CFLAGS='-I/usr/include/mysql  -g -pipe -Wp,-D_FORTIFY_SOURCE=2 -fexceptions -fstack-protector --param=ssp-buffer-size=4 -m32 -fasynchronous-unwind-tables -D_GNU_SOURCE -D_FILE_OFFSET_BITS=64 -D_LARGEFILE_SOURCE -fno-strict-aliasing -fwrapv'
MYSQL_LIBS='-rdynamic -L/usr/lib/mysql -lmysqlclient -lz -lcrypt -lnsl -lm -L/usr/lib -lssl -lcrypto'
OBJEXT='o'
PACKAGE='sphinx'
PACKAGE_BUGREPORT='shodan(at)shodan.ru'
PACKAGE_NAME='sphinx'
PACKAGE_STRING='sphinx 0.9.9'
PACKAGE_TARNAME='sphinx'
PACKAGE_VERSION='0.9.9'
PATH_SEPARATOR=':'
PGSQL_CFLAGS=''
PGSQL_LIBS=''
RANLIB='ranlib'
SET_MAKE=''
SHELL='/bin/sh'
STRIP=''
USE_LIBSTEMMER_FALSE=''
USE_LIBSTEMMER_TRUE='#'
USE_MYSQL_FALSE='#'
USE_MYSQL_TRUE=''
USE_PGSQL_FALSE=''
USE_PGSQL_TRUE='#'
VERSION='0.9.9'
ac_ct_CC='gcc'
ac_ct_CXX='g++'
am__fastdepCC_FALSE='#'
am__fastdepCC_TRUE=''
am__fastdepCXX_FALSE='#'
am__fastdepCXX_TRUE=''
am__include='include'
am__isrc=''
am__leading_dot='.'
am__quote=''
am__tar='${AMTAR} chof - "$$tardir"'
am__untar='${AMTAR} xf -'
bindir='${exec_prefix}/bin'
build_alias=''
datadir='${datarootdir}'
datarootdir='${prefix}/share'
docdir='${datarootdir}/doc/${PACKAGE_TARNAME}'
dvidir='${docdir}'
exec_prefix='${prefix}'
host_alias=''
htmldir='${docdir}'
includedir='${prefix}/include'
infodir='${datarootdir}/info'
install_sh='$(SHELL) /home/pierce/sphinx-0.9.9/config/install-sh'
libdir='${exec_prefix}/lib'
libexecdir='${exec_prefix}/libexec'
localedir='${datarootdir}/locale'
localstatedir='${prefix}/var'
mandir='${datarootdir}/man'
mkdir_p='/bin/mkdir -p'
oldincludedir='/usr/include'
pdfdir='${docdir}'
pgconfig=''
prefix='/usr/local'
program_transform_name='s,x,x,'
psdir='${docdir}'
sbindir='${exec_prefix}/sbin'
sharedstatedir='${prefix}/com'
sysconfdir='${prefix}/etc'
target_alias=''

## ----------- ##
## confdefs.h. ##
## ----------- ##

#define PACKAGE_NAME "sphinx"
#define PACKAGE_TARNAME "sphinx"
#define PACKAGE_VERSION "0.9.9"
#define PACKAGE_STRING "sphinx 0.9.9"
#define PACKAGE_BUGREPORT "shodan(at)shodan.ru"
#define PACKAGE "sphinx"
#define VERSION "0.9.9"
#define STDC_HEADERS 1
#define HAVE_SYS_WAIT_H 1
#define HAVE_SYS_TYPES_H 1
#define HAVE_SYS_STAT_H 1
#define HAVE_STDLIB_H 1
#define HAVE_STRING_H 1
#define HAVE_MEMORY_H 1
#define HAVE_STRINGS_H 1
#define HAVE_INTTYPES_H 1
#define HAVE_STDINT_H 1
#define HAVE_UNISTD_H 1
#define HAVE_FCNTL_H 1
#define HAVE_LIMITS_H 1
#define HAVE_NETDB_H 1
#define HAVE_NETINET_IN_H 1
#define HAVE_STDLIB_H 1
#define HAVE_STRING_H 1
#define HAVE_SYS_FILE_H 1
#define HAVE_SYS_SOCKET_H 1
#define HAVE_SYS_TIME_H 1
#define HAVE_UNISTD_H 1
#define HAVE_PTHREAD_H 1
#define HAVE__BOOL 1
#define HAVE_STDBOOL_H 1
#define TIME_WITH_SYS_TIME 1
#define HAVE_FORK 1
#define HAVE_VFORK 1
#define HAVE_WORKING_VFORK 1
#define HAVE_WORKING_FORK 1
#define HAVE_STDLIB_H 1
#define HAVE_MALLOC 1
#define HAVE_STDLIB_H 1
#define HAVE_REALLOC 1
#define HAVE_SYS_SELECT_H 1
#define HAVE_SYS_SOCKET_H 1
#define SELECT_TYPE_ARG1 int
#define SELECT_TYPE_ARG234 (fd_set *)
#define SELECT_TYPE_ARG5 (struct timeval *)
#define RETSIGTYPE void
#define LSTAT_FOLLOWS_SLASHED_SYMLINK 1
#define HAVE_VPRINTF 1
#define HAVE_DUP2 1
#define HAVE_GETHOSTBYNAME 1
#define HAVE_GETTIMEOFDAY 1
#define HAVE_MEMMOVE 1
#define HAVE_MEMSET 1
#define HAVE_SELECT 1
#define HAVE_SOCKET 1
#define HAVE_STRCASECMP 1
#define HAVE_STRCHR 1
#define HAVE_STRERROR 1
#define HAVE_STRNCASECMP 1
#define HAVE_STRSTR 1
#define HAVE_STRTOL 1
#define HAVE_LOGF 1
#define HAVE_PREAD 1
#define HAVE_LIBRT 1
#define HAVE_CLOCK_GETTIME 1
#define HAVE_LOCK_EX 1
#define HAVE_F_SETLKW 1
#define USE_MYSQL 1
#define USE_64BIT 0
#define USE_LIBSTEMMER 0
#define USE_ZLIB 1
#define UNALIGNED_RAM_ACCESS 1

configure: exit 0
